2023-02-28T04:58:59.698  WARN --- [-functhread5] hypercorn.error            : ASGI Framework Lifespan error, continuing without Lifespan support
2023-02-28T04:58:59.698  WARN --- [-functhread5] hypercorn.error            : ASGI Framework Lifespan error, continuing without Lifespan support
2023-02-28T04:58:59.700  INFO --- [-functhread5] hypercorn.error            : Running on https://0.0.0.0:4566 (CTRL + C to quit)
2023-02-28T04:58:59.700  INFO --- [-functhread5] hypercorn.error            : Running on https://0.0.0.0:4566 (CTRL + C to quit)
2023-02-28T04:58:59.743  INFO --- [  MainThread] localstack.utils.bootstrap : Execution of "start_runtime_components" took 6387.24ms
2023-02-28T05:19:08.868  INFO --- [   asgi_gw_0] localstack.request.aws     : AWS sts.GetCallerIdentity => 200
2023-02-28T05:19:08.873  INFO --- [   asgi_gw_0] localstack.request.aws     : AWS sts.GetCallerIdentity => 200
2023-02-28T05:19:10.459  INFO --- [   asgi_gw_0] localstack.utils.bootstrap : Execution of "_load_service_plugin" took 1530.20ms
2023-02-28T05:19:10.463  INFO --- [   asgi_gw_2] localstack.utils.bootstrap : Execution of "_load_service_plugin" took 1530.66ms
2023-02-28T05:19:10.461  INFO --- [   asgi_gw_1] localstack.utils.bootstrap : Execution of "_load_service_plugin" took 1529.06ms
2023-02-28T05:19:10.464  INFO --- [   asgi_gw_0] localstack.utils.bootstrap : Execution of "require" took 1535.61ms
2023-02-28T05:19:10.629  INFO --- [   asgi_gw_0] localstack.request.aws     : AWS ec2.DescribeRouteTables => 400 (InvalidRouteTableID.NotFound)
2023-02-28T05:19:10.965  INFO --- [   asgi_gw_2] localstack.utils.bootstrap : Execution of "require" took 2032.70ms
2023-02-28T05:19:10.969  INFO --- [   asgi_gw_1] localstack.utils.bootstrap : Execution of "require" took 2037.27ms
2023-02-28T05:19:10.971  INFO --- [   asgi_gw_1] localstack.request.aws     : AWS ec2.DescribeVpcs => 400 (InvalidVpcID.NotFound)
2023-02-28T05:19:10.985  INFO --- [   asgi_gw_3] localstack.request.aws     : AWS ec2.DescribeInternetGateways => 400 (InvalidInternetGatewayID.NotFound)
2023-02-28T05:19:10.988  INFO --- [   asgi_gw_1] localstack.request.aws     : AWS ec2.DescribeSubnets => 400 (InvalidSubnetID.NotFound)
2023-02-28T05:19:11.004  INFO --- [   asgi_gw_2] localstack.request.aws     : AWS ec2.DescribeRouteTables => 200
2023-02-28T05:20:03.274  INFO --- [   asgi_gw_3] localstack.request.aws     : AWS sts.GetCallerIdentity => 200
2023-02-28T05:20:03.297  INFO --- [   asgi_gw_1] localstack.request.aws     : AWS sts.GetCallerIdentity => 200
2023-02-28T05:20:03.349  INFO --- [   asgi_gw_2] localstack.request.aws     : AWS ec2.DescribeRouteTables => 200
2023-02-28T05:20:03.351  INFO --- [   asgi_gw_3] localstack.request.aws     : AWS ec2.DescribeRouteTables => 400 (InvalidRouteTableID.NotFound)
2023-02-28T05:20:03.358  INFO --- [   asgi_gw_1] localstack.request.aws     : AWS ec2.DescribeVpcs => 400 (InvalidVpcID.NotFound)
2023-02-28T05:20:03.396  INFO --- [   asgi_gw_2] localstack.request.aws     : AWS ec2.DescribeInternetGateways => 400 (InvalidInternetGatewayID.NotFound)
2023-02-28T05:20:03.400  INFO --- [   asgi_gw_0] localstack.request.aws     : AWS ec2.DescribeSubnets => 400 (InvalidSubnetID.NotFound)
2023-02-28T05:21:18.875  INFO --- [   asgi_gw_2] localstack.request.aws     : AWS sts.GetCallerIdentity => 200
2023-02-28T05:21:18.883  INFO --- [   asgi_gw_3] localstack.request.aws     : AWS sts.GetCallerIdentity => 200
2023-02-28T05:21:18.931  INFO --- [   asgi_gw_0] localstack.request.aws     : AWS ec2.DescribeRouteTables => 200
2023-02-28T05:21:18.940  INFO --- [   asgi_gw_1] localstack.request.aws     : AWS ec2.DescribeRouteTables => 400 (InvalidRouteTableID.NotFound)
2023-02-28T05:21:18.950  INFO --- [   asgi_gw_2] localstack.request.aws     : AWS ec2.DescribeVpcs => 400 (InvalidVpcID.NotFound)
2023-02-28T05:21:18.971  INFO --- [   asgi_gw_0] localstack.request.aws     : AWS ec2.DescribeSubnets => 400 (InvalidSubnetID.NotFound)
2023-02-28T05:21:18.978  INFO --- [   asgi_gw_1] localstack.request.aws     : AWS ec2.DescribeInternetGateways => 400 (InvalidInternetGatewayID.NotFound)
2023-02-28T05:21:32.603  INFO --- [   asgi_gw_2] localstack.request.aws     : AWS sts.GetCallerIdentity => 200
2023-02-28T05:21:32.613  INFO --- [   asgi_gw_0] localstack.request.aws     : AWS sts.GetCallerIdentity => 200
2023-02-28T05:21:32.694  INFO --- [   asgi_gw_1] localstack.request.aws     : AWS ec2.CreateVpc => 200
2023-02-28T05:21:32.704  INFO --- [   asgi_gw_3] localstack.request.aws     : AWS ec2.DescribeVpcs => 200
2023-02-28T05:21:32.709  INFO --- [   asgi_gw_2] localstack.request.aws     : AWS ec2.DescribeVpcs => 200
2023-02-28T05:21:32.714  INFO --- [   asgi_gw_0] localstack.request.aws     : AWS ec2.DescribeVpcClassicLink => 200
2023-02-28T05:21:32.721  INFO --- [   asgi_gw_1] localstack.request.aws     : AWS ec2.DescribeVpcClassicLinkDnsSupport => 200
2023-02-28T05:21:32.727  INFO --- [   asgi_gw_3] localstack.request.aws     : AWS ec2.DescribeVpcAttribute => 200
2023-02-28T05:21:32.733  INFO --- [   asgi_gw_2] localstack.request.aws     : AWS ec2.DescribeVpcAttribute => 200
2023-02-28T05:21:32.738  INFO --- [   asgi_gw_0] localstack.request.aws     : AWS ec2.DescribeVpcAttribute => 200
2023-02-28T05:21:32.747  INFO --- [   asgi_gw_1] localstack.request.aws     : AWS ec2.DescribeNetworkAcls => 200
2023-02-28T05:21:32.753  INFO --- [   asgi_gw_3] localstack.request.aws     : AWS ec2.DescribeRouteTables => 200
2023-02-28T05:21:32.778  INFO --- [   asgi_gw_2] localstack.request.aws     : AWS ec2.DescribeSecurityGroups => 200
2023-02-28T05:21:32.880  INFO --- [   asgi_gw_0] localstack.request.aws     : AWS ec2.CreateSubnet => 200
2023-02-28T05:21:32.886  INFO --- [   asgi_gw_1] localstack.request.aws     : AWS ec2.DescribeSecurityGroups => 200
2023-02-28T05:21:32.892  INFO --- [   asgi_gw_3] localstack.request.aws     : AWS ec2.CreateInternetGateway => 200
2023-02-28T05:21:32.902  INFO --- [   asgi_gw_0] localstack.request.aws     : AWS ec2.DescribeSubnets => 200
2023-02-28T05:21:32.907  INFO --- [   asgi_gw_1] localstack.request.aws     : AWS ec2.CreateTags => 200
2023-02-28T05:21:32.915  INFO --- [   asgi_gw_3] localstack.request.aws     : AWS ec2.AttachInternetGateway => 200
2023-02-28T05:21:32.920  INFO --- [   asgi_gw_0] localstack.request.aws     : AWS ec2.DescribeSubnets => 200
2023-02-28T05:21:32.926  INFO --- [   asgi_gw_1] localstack.request.aws     : AWS ec2.DescribeSecurityGroups => 200
2023-02-28T05:21:32.933  INFO --- [   asgi_gw_3] localstack.request.aws     : AWS ec2.DescribeInternetGateways => 200
2023-02-28T05:21:32.938  INFO --- [   asgi_gw_0] localstack.request.aws     : AWS ec2.DescribeSecurityGroupRules => 200
2023-02-28T05:21:32.945  INFO --- [   asgi_gw_2] localstack.request.aws     : AWS ec2.DescribeInternetGateways => 200
2023-02-28T05:21:32.954  INFO --- [   asgi_gw_3] localstack.request.aws     : AWS ec2.DescribeSecurityGroups => 200
2023-02-28T05:21:32.961  INFO --- [   asgi_gw_1] localstack.request.aws     : AWS ec2.DescribeRouteTables => 200
2023-02-28T05:21:32.981  INFO --- [   asgi_gw_2] localstack.request.aws     : AWS ec2.CreateRoute => 200
2023-02-28T05:21:32.984  INFO --- [   asgi_gw_0] localstack.request.aws     : AWS ec2.AuthorizeSecurityGroupIngress => 200
2023-02-28T05:21:32.989  INFO --- [   asgi_gw_3] localstack.request.aws     : AWS ec2.DescribeRouteTables => 200
2023-02-28T05:21:32.994  INFO --- [   asgi_gw_2] localstack.request.aws     : AWS ec2.AuthorizeSecurityGroupEgress => 400 (InvalidPermission.Duplicate)
2023-02-28T05:21:33.098  INFO --- [   asgi_gw_1] localstack.request.aws     : AWS ec2.DescribeRouteTables => 200
2023-02-28T05:21:33.103  INFO --- [   asgi_gw_0] localstack.request.aws     : AWS ec2.CreateTags => 200
2023-02-28T05:21:33.107  INFO --- [   asgi_gw_3] localstack.request.aws     : AWS ec2.DescribeRouteTables => 200
2023-02-28T05:24:20.509  INFO --- [   asgi_gw_2] localstack.request.aws     : AWS sts.GetCallerIdentity => 200
2023-02-28T05:24:20.513  INFO --- [   asgi_gw_1] localstack.request.aws     : AWS sts.GetCallerIdentity => 200
2023-02-28T05:24:20.533  INFO --- [   asgi_gw_0] localstack.request.aws     : AWS ec2.DescribeVpcs => 200
2023-02-28T05:24:20.538  INFO --- [   asgi_gw_3] localstack.request.aws     : AWS ec2.DescribeVpcClassicLink => 200
2023-02-28T05:24:20.543  INFO --- [   asgi_gw_2] localstack.request.aws     : AWS ec2.DescribeVpcClassicLinkDnsSupport => 200
2023-02-28T05:24:20.547  INFO --- [   asgi_gw_1] localstack.request.aws     : AWS ec2.DescribeVpcAttribute => 200
2023-02-28T05:24:20.552  INFO --- [   asgi_gw_0] localstack.request.aws     : AWS ec2.DescribeVpcAttribute => 200
2023-02-28T05:24:20.557  INFO --- [   asgi_gw_3] localstack.request.aws     : AWS ec2.DescribeVpcAttribute => 200
2023-02-28T05:24:20.563  INFO --- [   asgi_gw_2] localstack.request.aws     : AWS ec2.DescribeNetworkAcls => 200
2023-02-28T05:24:20.568  INFO --- [   asgi_gw_1] localstack.request.aws     : AWS ec2.DescribeRouteTables => 200
2023-02-28T05:24:20.574  INFO --- [   asgi_gw_0] localstack.request.aws     : AWS ec2.DescribeSecurityGroups => 200
2023-02-28T05:24:20.588  INFO --- [   asgi_gw_3] localstack.request.aws     : AWS ec2.DescribeSecurityGroups => 200
2023-02-28T05:24:20.602  INFO --- [   asgi_gw_2] localstack.request.aws     : AWS ec2.DescribeInternetGateways => 200
2023-02-28T05:24:20.613  INFO --- [   asgi_gw_1] localstack.request.aws     : AWS ec2.DescribeSubnets => 200
2023-02-28T05:24:20.625  INFO --- [   asgi_gw_0] localstack.request.aws     : AWS ec2.DescribeRouteTables => 200
2023-02-28T05:24:26.853  INFO --- [   asgi_gw_1] localstack.request.aws     : AWS sts.GetCallerIdentity => 200
2023-02-28T05:24:26.857  INFO --- [   asgi_gw_3] localstack.request.aws     : AWS sts.GetCallerIdentity => 200
2023-02-28T05:25:20.513  INFO --- [   asgi_gw_0] localstack.request.aws     : AWS sts.GetCallerIdentity => 200
2023-02-28T05:25:20.520  INFO --- [   asgi_gw_1] localstack.request.aws     : AWS sts.GetCallerIdentity => 200
2023-02-28T05:25:20.561  INFO --- [   asgi_gw_3] localstack.request.aws     : AWS ec2.DescribeNetworkInterfaces => 200
2023-02-28T05:25:20.564  INFO --- [   asgi_gw_2] localstack.request.aws     : AWS ec2.DetachInternetGateway => 200
2023-02-28T05:25:20.573  INFO --- [   asgi_gw_0] localstack.request.aws     : AWS ec2.DescribeInternetGateways => 200
2023-02-28T05:25:20.578  INFO --- [   asgi_gw_2] localstack.request.aws     : AWS ec2.DescribeNetworkInterfaces => 200
2023-02-28T05:25:20.585  INFO --- [   asgi_gw_1] localstack.request.aws     : AWS ec2.DeleteInternetGateway => 200
2023-02-28T05:25:20.593  INFO --- [   asgi_gw_3] localstack.request.aws     : AWS ec2.DeleteSubnet => 200
2023-02-28T05:25:20.606  INFO --- [   asgi_gw_0] localstack.request.aws     : AWS ec2.DeleteVpc => 200
2023-02-28T05:25:20.611  INFO --- [   asgi_gw_2] localstack.request.aws     : AWS ec2.DescribeVpcs => 400 (InvalidVpcID.NotFound)
2023-02-28T05:33:19.608  INFO --- [   asgi_gw_0] localstack.request.aws     : AWS sts.GetCallerIdentity => 200
2023-02-28T05:33:19.612  INFO --- [   asgi_gw_2] localstack.request.aws     : AWS sts.GetCallerIdentity => 200
2023-02-28T05:35:41.465  INFO --- [   asgi_gw_3] localstack.request.aws     : AWS sts.GetCallerIdentity => 200
2023-02-28T05:35:41.475  INFO --- [   asgi_gw_0] localstack.request.aws     : AWS sts.GetCallerIdentity => 200
2023-02-28T05:35:41.501  INFO --- [   asgi_gw_2] localstack.request.aws     : AWS ec2.CreateVpc => 200
2023-02-28T05:35:41.507  INFO --- [   asgi_gw_1] localstack.request.aws     : AWS ec2.DescribeVpcs => 200
2023-02-28T05:35:41.514  INFO --- [   asgi_gw_3] localstack.request.aws     : AWS ec2.DescribeVpcs => 200
2023-02-28T05:35:41.520  INFO --- [   asgi_gw_0] localstack.request.aws     : AWS ec2.DescribeVpcClassicLink => 200
2023-02-28T05:35:41.525  INFO --- [   asgi_gw_2] localstack.request.aws     : AWS ec2.DescribeVpcClassicLinkDnsSupport => 200
2023-02-28T05:35:41.532  INFO --- [   asgi_gw_1] localstack.request.aws     : AWS ec2.DescribeVpcAttribute => 200
2023-02-28T05:35:41.537  INFO --- [   asgi_gw_3] localstack.request.aws     : AWS ec2.DescribeVpcAttribute => 200
2023-02-28T05:35:41.544  INFO --- [   asgi_gw_0] localstack.request.aws     : AWS ec2.DescribeVpcAttribute => 200
2023-02-28T05:35:41.551  INFO --- [   asgi_gw_2] localstack.request.aws     : AWS ec2.DescribeNetworkAcls => 200
2023-02-28T05:35:41.557  INFO --- [   asgi_gw_1] localstack.request.aws     : AWS ec2.DescribeRouteTables => 200
2023-02-28T05:35:41.563  INFO --- [   asgi_gw_3] localstack.request.aws     : AWS ec2.DescribeSecurityGroups => 200
2023-02-28T05:35:41.587  INFO --- [   asgi_gw_0] localstack.request.aws     : AWS ec2.CreateSubnet => 200
2023-02-28T05:35:41.596  INFO --- [   asgi_gw_2] localstack.request.aws     : AWS ec2.DescribeSecurityGroups => 200
2023-02-28T05:35:41.603  INFO --- [   asgi_gw_2] localstack.request.aws     : AWS ec2.DescribeSubnets => 200
2023-02-28T05:35:41.609  INFO --- [   asgi_gw_0] localstack.request.aws     : AWS ec2.CreateInternetGateway => 200
2023-02-28T05:35:41.614  INFO --- [   asgi_gw_1] localstack.request.aws     : AWS ec2.CreateTags => 200
2023-02-28T05:35:41.622  INFO --- [   asgi_gw_2] localstack.request.aws     : AWS ec2.DescribeSubnets => 200
2023-02-28T05:35:41.628  INFO --- [   asgi_gw_0] localstack.request.aws     : AWS ec2.AttachInternetGateway => 200
2023-02-28T05:35:41.636  INFO --- [   asgi_gw_1] localstack.request.aws     : AWS ec2.DescribeSecurityGroups => 200
2023-02-28T05:35:41.642  INFO --- [   asgi_gw_2] localstack.request.aws     : AWS ec2.DescribeInternetGateways => 200
2023-02-28T05:35:41.649  INFO --- [   asgi_gw_3] localstack.request.aws     : AWS ec2.DescribeSecurityGroupRules => 200
2023-02-28T05:35:41.660  INFO --- [   asgi_gw_0] localstack.request.aws     : AWS ec2.DescribeInternetGateways => 200
2023-02-28T05:35:41.671  INFO --- [   asgi_gw_1] localstack.request.aws     : AWS ec2.DescribeSecurityGroups => 200
2023-02-28T05:35:41.681  INFO --- [   asgi_gw_2] localstack.request.aws     : AWS ec2.AuthorizeSecurityGroupIngress => 200
2023-02-28T05:35:41.702  INFO --- [   asgi_gw_3] localstack.request.aws     : AWS ec2.AuthorizeSecurityGroupEgress => 400 (InvalidPermission.Duplicate)
2023-02-28T05:35:41.705  INFO --- [   asgi_gw_0] localstack.request.aws     : AWS ec2.DescribeRouteTables => 200
2023-02-28T05:35:41.714  INFO --- [   asgi_gw_1] localstack.request.aws     : AWS ec2.CreateRoute => 200
2023-02-28T05:35:41.720  INFO --- [   asgi_gw_0] localstack.request.aws     : AWS ec2.DescribeRouteTables => 200
2023-02-28T05:35:41.826  INFO --- [   asgi_gw_2] localstack.request.aws     : AWS ec2.DescribeRouteTables => 200
2023-02-28T05:35:41.830  INFO --- [   asgi_gw_3] localstack.request.aws     : AWS ec2.CreateTags => 200
2023-02-28T05:35:41.835  INFO --- [   asgi_gw_1] localstack.request.aws     : AWS ec2.DescribeRouteTables => 200
2023-02-28T05:38:44.825  INFO --- [   asgi_gw_2] localstack.request.aws     : AWS sts.GetCallerIdentity => 200
2023-02-28T05:38:44.830  INFO --- [   asgi_gw_3] localstack.request.aws     : AWS sts.GetCallerIdentity => 200
2023-02-28T05:38:44.850  INFO --- [   asgi_gw_1] localstack.request.aws     : AWS ec2.DescribeVpcs => 200
2023-02-28T05:38:44.855  INFO --- [   asgi_gw_0] localstack.request.aws     : AWS ec2.DescribeVpcClassicLink => 200
2023-02-28T05:38:44.859  INFO --- [   asgi_gw_2] localstack.request.aws     : AWS ec2.DescribeVpcClassicLinkDnsSupport => 200
2023-02-28T05:38:44.864  INFO --- [   asgi_gw_3] localstack.request.aws     : AWS ec2.DescribeVpcAttribute => 200
2023-02-28T05:38:44.868  INFO --- [   asgi_gw_1] localstack.request.aws     : AWS ec2.DescribeVpcAttribute => 200
2023-02-28T05:38:44.873  INFO --- [   asgi_gw_0] localstack.request.aws     : AWS ec2.DescribeVpcAttribute => 200
2023-02-28T05:38:44.878  INFO --- [   asgi_gw_2] localstack.request.aws     : AWS ec2.DescribeNetworkAcls => 200
2023-02-28T05:38:44.884  INFO --- [   asgi_gw_3] localstack.request.aws     : AWS ec2.DescribeRouteTables => 200
2023-02-28T05:38:44.890  INFO --- [   asgi_gw_1] localstack.request.aws     : AWS ec2.DescribeSecurityGroups => 200
2023-02-28T05:38:44.910  INFO --- [   asgi_gw_0] localstack.request.aws     : AWS ec2.DescribeSubnets => 200
2023-02-28T05:38:44.914  INFO --- [   asgi_gw_2] localstack.request.aws     : AWS ec2.DescribeInternetGateways => 200
2023-02-28T05:38:44.917  INFO --- [   asgi_gw_3] localstack.request.aws     : AWS ec2.DescribeSecurityGroups => 200
2023-02-28T05:38:44.934  INFO --- [   asgi_gw_1] localstack.request.aws     : AWS ec2.DescribeRouteTables => 200
2023-02-28T05:38:51.898  INFO --- [   asgi_gw_2] localstack.request.aws     : AWS sts.GetCallerIdentity => 200
2023-02-28T05:38:51.903  INFO --- [   asgi_gw_0] localstack.request.aws     : AWS sts.GetCallerIdentity => 200
2023-02-28T05:39:01.470  INFO --- [   asgi_gw_3] localstack.request.aws     : AWS sts.GetCallerIdentity => 200
2023-02-28T05:39:01.474  INFO --- [   asgi_gw_2] localstack.request.aws     : AWS sts.GetCallerIdentity => 200
2023-02-28T05:39:01.500  INFO --- [   asgi_gw_0] localstack.request.aws     : AWS ec2.DescribeNetworkInterfaces => 200
2023-02-28T05:39:01.505  INFO --- [   asgi_gw_1] localstack.request.aws     : AWS ec2.DescribeNetworkInterfaces => 200
2023-02-28T05:39:01.509  INFO --- [   asgi_gw_3] localstack.request.aws     : AWS ec2.DeleteSubnet => 200
2023-02-28T05:39:01.557  INFO --- [   asgi_gw_2] localstack.request.aws     : AWS ec2.DetachInternetGateway => 200
2023-02-28T05:39:01.562  INFO --- [   asgi_gw_0] localstack.request.aws     : AWS ec2.DescribeInternetGateways => 200
2023-02-28T05:39:01.568  INFO --- [   asgi_gw_1] localstack.request.aws     : AWS ec2.DeleteInternetGateway => 200
2023-02-28T05:39:01.592  INFO --- [   asgi_gw_3] localstack.request.aws     : AWS ec2.DeleteVpc => 200
2023-02-28T05:39:01.600  INFO --- [   asgi_gw_2] localstack.request.aws     : AWS ec2.DescribeVpcs => 400 (InvalidVpcID.NotFound)
2023-02-28T05:39:21.376  INFO --- [   asgi_gw_3] localstack.request.aws     : AWS sts.GetCallerIdentity => 200
2023-02-28T05:39:21.380  INFO --- [   asgi_gw_2] localstack.request.aws     : AWS sts.GetCallerIdentity => 200
2023-02-28T05:39:35.307  INFO --- [   asgi_gw_1] localstack.request.aws     : AWS sts.GetCallerIdentity => 200
2023-02-28T05:39:35.313  INFO --- [   asgi_gw_3] localstack.request.aws     : AWS sts.GetCallerIdentity => 200
2023-02-28T05:39:35.334  INFO --- [   asgi_gw_2] localstack.request.aws     : AWS ec2.CreateVpc => 200
2023-02-28T05:39:35.339  INFO --- [   asgi_gw_0] localstack.request.aws     : AWS ec2.DescribeVpcs => 200
2023-02-28T05:39:35.347  INFO --- [   asgi_gw_1] localstack.request.aws     : AWS ec2.DescribeVpcs => 200
2023-02-28T05:39:35.353  INFO --- [   asgi_gw_3] localstack.request.aws     : AWS ec2.DescribeVpcClassicLink => 200
2023-02-28T05:39:35.359  INFO --- [   asgi_gw_2] localstack.request.aws     : AWS ec2.DescribeVpcClassicLinkDnsSupport => 200
2023-02-28T05:39:35.364  INFO --- [   asgi_gw_0] localstack.request.aws     : AWS ec2.DescribeVpcAttribute => 200
2023-02-28T05:39:35.370  INFO --- [   asgi_gw_1] localstack.request.aws     : AWS ec2.DescribeVpcAttribute => 200
2023-02-28T05:39:35.374  INFO --- [   asgi_gw_3] localstack.request.aws     : AWS ec2.DescribeVpcAttribute => 200
2023-02-28T05:39:35.380  INFO --- [   asgi_gw_2] localstack.request.aws     : AWS ec2.DescribeNetworkAcls => 200
2023-02-28T05:39:35.388  INFO --- [   asgi_gw_0] localstack.request.aws     : AWS ec2.DescribeRouteTables => 200
2023-02-28T05:39:35.394  INFO --- [   asgi_gw_1] localstack.request.aws     : AWS ec2.DescribeSecurityGroups => 200
2023-02-28T05:39:35.472  INFO --- [   asgi_gw_3] localstack.request.aws     : AWS ec2.DescribeSecurityGroups => 200
2023-02-28T05:39:35.482  INFO --- [   asgi_gw_2] localstack.request.aws     : AWS ec2.CreateInternetGateway => 200
2023-02-28T05:39:35.486  INFO --- [   asgi_gw_0] localstack.request.aws     : AWS ec2.CreateSubnet => 200
2023-02-28T05:39:35.491  INFO --- [   asgi_gw_1] localstack.request.aws     : AWS ec2.CreateTags => 200
2023-02-28T05:39:35.498  INFO --- [   asgi_gw_2] localstack.request.aws     : AWS ec2.AttachInternetGateway => 200
2023-02-28T05:39:35.503  INFO --- [   asgi_gw_0] localstack.request.aws     : AWS ec2.DescribeSubnets => 200
2023-02-28T05:39:35.508  INFO --- [   asgi_gw_1] localstack.request.aws     : AWS ec2.DescribeSecurityGroups => 200
2023-02-28T05:39:35.514  INFO --- [   asgi_gw_2] localstack.request.aws     : AWS ec2.DescribeInternetGateways => 200
2023-02-28T05:39:35.518  INFO --- [   asgi_gw_0] localstack.request.aws     : AWS ec2.DescribeSubnets => 200
2023-02-28T05:39:35.525  INFO --- [   asgi_gw_1] localstack.request.aws     : AWS ec2.DescribeSecurityGroupRules => 200
2023-02-28T05:39:35.533  INFO --- [   asgi_gw_2] localstack.request.aws     : AWS ec2.DescribeInternetGateways => 200
2023-02-28T05:39:35.546  INFO --- [   asgi_gw_0] localstack.request.aws     : AWS ec2.DescribeSecurityGroups => 200
2023-02-28T05:39:35.552  INFO --- [   asgi_gw_3] localstack.request.aws     : AWS ec2.DescribeRouteTables => 200
2023-02-28T05:39:35.558  INFO --- [   asgi_gw_1] localstack.request.aws     : AWS ec2.AuthorizeSecurityGroupIngress => 200
2023-02-28T05:39:35.564  INFO --- [   asgi_gw_2] localstack.request.aws     : AWS ec2.CreateRoute => 200
2023-02-28T05:39:35.570  INFO --- [   asgi_gw_0] localstack.request.aws     : AWS ec2.DescribeSecurityGroups => 200
2023-02-28T05:39:35.579  INFO --- [   asgi_gw_3] localstack.request.aws     : AWS ec2.DescribeRouteTables => 200
2023-02-28T05:39:35.690  INFO --- [   asgi_gw_1] localstack.request.aws     : AWS ec2.DescribeRouteTables => 200
2023-02-28T05:39:35.694  INFO --- [   asgi_gw_2] localstack.request.aws     : AWS ec2.CreateTags => 200
2023-02-28T05:39:35.699  INFO --- [   asgi_gw_0] localstack.request.aws     : AWS ec2.DescribeRouteTables => 200
2023-02-28T05:44:46.300  INFO --- [   asgi_gw_1] localstack.request.aws     : AWS sts.GetCallerIdentity => 200
2023-02-28T05:44:46.305  INFO --- [   asgi_gw_2] localstack.request.aws     : AWS sts.GetCallerIdentity => 200
2023-02-28T05:44:46.324  INFO --- [   asgi_gw_0] localstack.request.aws     : AWS ec2.DescribeVpcs => 200
2023-02-28T05:44:46.329  INFO --- [   asgi_gw_3] localstack.request.aws     : AWS ec2.DescribeVpcClassicLink => 200
2023-02-28T05:44:46.334  INFO --- [   asgi_gw_1] localstack.request.aws     : AWS ec2.DescribeVpcClassicLinkDnsSupport => 200
2023-02-28T05:44:46.339  INFO --- [   asgi_gw_2] localstack.request.aws     : AWS ec2.DescribeVpcAttribute => 200
2023-02-28T05:44:46.344  INFO --- [   asgi_gw_0] localstack.request.aws     : AWS ec2.DescribeVpcAttribute => 200
2023-02-28T05:44:46.349  INFO --- [   asgi_gw_3] localstack.request.aws     : AWS ec2.DescribeVpcAttribute => 200
2023-02-28T05:44:46.355  INFO --- [   asgi_gw_1] localstack.request.aws     : AWS ec2.DescribeNetworkAcls => 200
2023-02-28T05:44:46.360  INFO --- [   asgi_gw_2] localstack.request.aws     : AWS ec2.DescribeRouteTables => 200
2023-02-28T05:44:46.366  INFO --- [   asgi_gw_0] localstack.request.aws     : AWS ec2.DescribeSecurityGroups => 200
2023-02-28T05:44:46.385  INFO --- [   asgi_gw_3] localstack.request.aws     : AWS ec2.DescribeSecurityGroups => 200
2023-02-28T05:44:46.387  INFO --- [   asgi_gw_1] localstack.request.aws     : AWS ec2.DescribeSubnets => 200
2023-02-28T05:44:46.390  INFO --- [   asgi_gw_2] localstack.request.aws     : AWS ec2.DescribeInternetGateways => 200
2023-02-28T05:44:46.406  INFO --- [   asgi_gw_0] localstack.request.aws     : AWS ec2.DescribeRouteTables => 200
2023-02-28T06:13:54.091  INFO --- [   asgi_gw_0] localstack.request.aws     : AWS sts.GetCallerIdentity => 200
2023-02-28T06:13:54.095  INFO --- [   asgi_gw_1] localstack.request.aws     : AWS sts.GetCallerIdentity => 200
2023-02-28T06:13:54.128  INFO --- [   asgi_gw_3] localstack.request.aws     : AWS ec2.DescribeVpcs => 200
2023-02-28T06:13:54.141  INFO --- [   asgi_gw_2] localstack.request.aws     : AWS ec2.DescribeImages => 200
2023-02-28T06:13:54.151  INFO --- [   asgi_gw_0] localstack.request.aws     : AWS ec2.DescribeVpcClassicLink => 200
2023-02-28T06:13:54.170  INFO --- [   asgi_gw_3] localstack.request.aws     : AWS ec2.DescribeVpcClassicLinkDnsSupport => 200
2023-02-28T06:13:54.175  INFO --- [   asgi_gw_0] localstack.request.aws     : AWS ec2.DescribeVpcAttribute => 200
2023-02-28T06:13:54.181  INFO --- [   asgi_gw_1] localstack.request.aws     : AWS ec2.DescribeVpcAttribute => 200
2023-02-28T06:13:54.187  INFO --- [   asgi_gw_2] localstack.request.aws     : AWS ec2.DescribeVpcAttribute => 200
2023-02-28T06:13:54.192  INFO --- [   asgi_gw_3] localstack.request.aws     : AWS ec2.DescribeNetworkAcls => 200
2023-02-28T06:13:54.198  INFO --- [   asgi_gw_0] localstack.request.aws     : AWS ec2.DescribeRouteTables => 200
2023-02-28T06:13:54.204  INFO --- [   asgi_gw_1] localstack.request.aws     : AWS ec2.DescribeSecurityGroups => 200
2023-02-28T06:13:54.223  INFO --- [   asgi_gw_2] localstack.request.aws     : AWS ec2.DescribeSubnets => 200
2023-02-28T06:13:54.232  INFO --- [   asgi_gw_3] localstack.request.aws     : AWS ec2.DescribeInternetGateways => 200
2023-02-28T06:13:54.243  INFO --- [   asgi_gw_0] localstack.request.aws     : AWS ec2.DescribeSecurityGroups => 200
2023-02-28T06:13:54.251  INFO --- [   asgi_gw_2] localstack.request.aws     : AWS ec2.DescribeRouteTables => 200
2023-02-28T07:01:36.797  INFO --- [   asgi_gw_0] localstack.request.aws     : AWS sts.GetCallerIdentity => 200
2023-02-28T07:01:36.806  INFO --- [   asgi_gw_2] localstack.request.aws     : AWS sts.GetCallerIdentity => 200
2023-02-28T07:01:36.830  INFO --- [   asgi_gw_1] localstack.request.aws     : AWS ec2.DescribeImages => 200
2023-02-28T07:01:36.833  INFO --- [   asgi_gw_3] localstack.request.aws     : AWS ec2.DescribeVpcs => 200
2023-02-28T07:01:36.844  INFO --- [   asgi_gw_0] localstack.request.aws     : AWS ec2.DescribeVpcClassicLink => 200
2023-02-28T07:01:36.849  INFO --- [   asgi_gw_3] localstack.request.aws     : AWS ec2.DescribeVpcClassicLinkDnsSupport => 200
2023-02-28T07:01:36.855  INFO --- [   asgi_gw_2] localstack.request.aws     : AWS ec2.DescribeVpcAttribute => 200
2023-02-28T07:01:36.859  INFO --- [   asgi_gw_1] localstack.request.aws     : AWS ec2.DescribeVpcAttribute => 200
2023-02-28T07:01:36.864  INFO --- [   asgi_gw_0] localstack.request.aws     : AWS ec2.DescribeVpcAttribute => 200
2023-02-28T07:01:36.870  INFO --- [   asgi_gw_3] localstack.request.aws     : AWS ec2.DescribeNetworkAcls => 200
2023-02-28T07:01:36.875  INFO --- [   asgi_gw_2] localstack.request.aws     : AWS ec2.DescribeRouteTables => 200
2023-02-28T07:01:36.881  INFO --- [   asgi_gw_1] localstack.request.aws     : AWS ec2.DescribeSecurityGroups => 200
2023-02-28T07:01:36.899  INFO --- [   asgi_gw_0] localstack.request.aws     : AWS ec2.DescribeSecurityGroups => 200
2023-02-28T07:01:36.903  INFO --- [   asgi_gw_3] localstack.request.aws     : AWS ec2.DescribeInternetGateways => 200
2023-02-28T07:01:36.908  INFO --- [   asgi_gw_2] localstack.request.aws     : AWS ec2.DescribeSubnets => 200
2023-02-28T07:01:36.924  INFO --- [   asgi_gw_1] localstack.request.aws     : AWS ec2.DescribeRouteTables => 200
2023-02-28T07:02:34.682  INFO --- [   asgi_gw_3] localstack.request.aws     : AWS sts.GetCallerIdentity => 200
2023-02-28T07:02:34.689  INFO --- [   asgi_gw_2] localstack.request.aws     : AWS sts.GetCallerIdentity => 200
2023-02-28T07:02:34.732  INFO --- [   asgi_gw_1] localstack.request.aws     : AWS ec2.DescribeVpcs => 200
2023-02-28T07:02:34.752  INFO --- [   asgi_gw_0] localstack.request.aws     : AWS ec2.DescribeImages => 200
2023-02-28T07:02:34.767  INFO --- [   asgi_gw_3] localstack.request.aws     : AWS ec2.DescribeVpcClassicLink => 200
2023-02-28T07:02:34.776  INFO --- [   asgi_gw_2] localstack.request.aws     : AWS ec2.DescribeVpcClassicLinkDnsSupport => 200
2023-02-28T07:02:34.783  INFO --- [   asgi_gw_1] localstack.request.aws     : AWS ec2.DescribeVpcAttribute => 200
2023-02-28T07:02:34.789  INFO --- [   asgi_gw_0] localstack.request.aws     : AWS ec2.DescribeVpcAttribute => 200
2023-02-28T07:02:34.795  INFO --- [   asgi_gw_3] localstack.request.aws     : AWS ec2.DescribeVpcAttribute => 200
2023-02-28T07:02:34.803  INFO --- [   asgi_gw_2] localstack.request.aws     : AWS ec2.DescribeNetworkAcls => 200
2023-02-28T07:02:34.811  INFO --- [   asgi_gw_1] localstack.request.aws     : AWS ec2.DescribeRouteTables => 200
2023-02-28T07:02:34.817  INFO --- [   asgi_gw_0] localstack.request.aws     : AWS ec2.DescribeSecurityGroups => 200
2023-02-28T07:02:34.838  INFO --- [   asgi_gw_3] localstack.request.aws     : AWS ec2.DescribeSecurityGroups => 200
2023-02-28T07:02:34.841  INFO --- [   asgi_gw_2] localstack.request.aws     : AWS ec2.DescribeSubnets => 200
2023-02-28T07:02:34.855  INFO --- [   asgi_gw_1] localstack.request.aws     : AWS ec2.DescribeInternetGateways => 200
2023-02-28T07:02:34.871  INFO --- [   asgi_gw_2] localstack.request.aws     : AWS ec2.DescribeRouteTables => 200
2023-02-28T07:07:42.671  INFO --- [   asgi_gw_3] localstack.request.aws     : AWS sts.GetCallerIdentity => 200
2023-02-28T07:07:42.677  INFO --- [   asgi_gw_1] localstack.request.aws     : AWS sts.GetCallerIdentity => 200
2023-02-28T07:07:42.701  INFO --- [   asgi_gw_2] localstack.request.aws     : AWS ec2.DescribeVpcs => 200
2023-02-28T07:07:42.713  INFO --- [   asgi_gw_0] localstack.request.aws     : AWS ec2.DescribeImages => 200
2023-02-28T07:07:42.720  INFO --- [   asgi_gw_3] localstack.request.aws     : AWS ec2.DescribeVpcClassicLink => 200
2023-02-28T07:07:42.733  INFO --- [   asgi_gw_1] localstack.request.aws     : AWS ec2.DescribeVpcClassicLinkDnsSupport => 200
2023-02-28T07:07:42.745  INFO --- [   asgi_gw_2] localstack.request.aws     : AWS ec2.DescribeVpcAttribute => 200
2023-02-28T07:07:42.765  INFO --- [   asgi_gw_0] localstack.request.aws     : AWS ec2.DescribeVpcAttribute => 200
2023-02-28T07:07:42.772  INFO --- [   asgi_gw_3] localstack.request.aws     : AWS ec2.DescribeVpcAttribute => 200
2023-02-28T07:07:42.782  INFO --- [   asgi_gw_1] localstack.request.aws     : AWS ec2.DescribeNetworkAcls => 200
2023-02-28T07:07:42.790  INFO --- [   asgi_gw_2] localstack.request.aws     : AWS ec2.DescribeRouteTables => 200
2023-02-28T07:07:42.795  INFO --- [   asgi_gw_0] localstack.request.aws     : AWS ec2.DescribeSecurityGroups => 200
2023-02-28T07:07:42.812  INFO --- [   asgi_gw_3] localstack.request.aws     : AWS ec2.DescribeSecurityGroups => 200
2023-02-28T07:07:42.815  INFO --- [   asgi_gw_1] localstack.request.aws     : AWS ec2.DescribeInternetGateways => 200
2023-02-28T07:07:42.818  INFO --- [   asgi_gw_2] localstack.request.aws     : AWS ec2.DescribeSubnets => 200
2023-02-28T07:07:42.834  INFO --- [   asgi_gw_0] localstack.request.aws     : AWS ec2.DescribeRouteTables => 200
2023-02-28T07:12:48.784  INFO --- [   asgi_gw_1] localstack.request.aws     : AWS sts.GetCallerIdentity => 200
2023-02-28T07:12:48.789  INFO --- [   asgi_gw_3] localstack.request.aws     : AWS sts.GetCallerIdentity => 200
2023-02-28T07:12:48.814  INFO --- [   asgi_gw_0] localstack.request.aws     : AWS ec2.DescribeVpcs => 200
2023-02-28T07:12:48.818  INFO --- [   asgi_gw_2] localstack.request.aws     : AWS ec2.DescribeImages => 200
2023-02-28T07:12:48.834  INFO --- [   asgi_gw_1] localstack.request.aws     : AWS ec2.DescribeVpcClassicLink => 200
2023-02-28T07:12:48.843  INFO --- [   asgi_gw_0] localstack.request.aws     : AWS ec2.DescribeVpcClassicLinkDnsSupport => 200
2023-02-28T07:12:48.848  INFO --- [   asgi_gw_3] localstack.request.aws     : AWS ec2.DescribeVpcAttribute => 200
2023-02-28T07:12:48.854  INFO --- [   asgi_gw_2] localstack.request.aws     : AWS ec2.DescribeVpcAttribute => 200
2023-02-28T07:12:48.866  INFO --- [   asgi_gw_1] localstack.request.aws     : AWS ec2.DescribeVpcAttribute => 200
2023-02-28T07:12:48.879  INFO --- [   asgi_gw_0] localstack.request.aws     : AWS ec2.DescribeNetworkAcls => 200
2023-02-28T07:12:48.889  INFO --- [   asgi_gw_3] localstack.request.aws     : AWS ec2.DescribeRouteTables => 200
2023-02-28T07:12:48.905  INFO --- [   asgi_gw_2] localstack.request.aws     : AWS ec2.DescribeSecurityGroups => 200
2023-02-28T07:12:48.935  INFO --- [   asgi_gw_1] localstack.request.aws     : AWS ec2.DescribeInternetGateways => 200
2023-02-28T07:12:48.943  INFO --- [   asgi_gw_3] localstack.request.aws     : AWS ec2.DescribeSubnets => 200
2023-02-28T07:12:48.940  INFO --- [   asgi_gw_0] localstack.request.aws     : AWS ec2.DescribeSecurityGroups => 200
2023-02-28T07:12:48.961  INFO --- [   asgi_gw_2] localstack.request.aws     : AWS ec2.DescribeRouteTables => 200
2023-02-28T07:17:59.318  INFO --- [   asgi_gw_1] localstack.request.aws     : AWS sts.GetCallerIdentity => 200
2023-02-28T07:17:59.325  INFO --- [   asgi_gw_0] localstack.request.aws     : AWS sts.GetCallerIdentity => 200
2023-02-28T07:17:59.375  INFO --- [   asgi_gw_2] localstack.request.aws     : AWS ec2.DescribeVpcs => 200
2023-02-28T07:17:59.382  INFO --- [   asgi_gw_3] localstack.request.aws     : AWS ec2.DescribeImages => 200
2023-02-28T07:17:59.386  INFO --- [   asgi_gw_1] localstack.request.aws     : AWS ec2.DescribeVpcClassicLink => 200
2023-02-28T07:17:59.407  INFO --- [   asgi_gw_0] localstack.request.aws     : AWS ec2.DescribeVpcClassicLinkDnsSupport => 200
2023-02-28T07:17:59.432  INFO --- [   asgi_gw_1] localstack.request.aws     : AWS ec2.DescribeVpcAttribute => 200
2023-02-28T07:17:59.455  INFO --- [   asgi_gw_2] localstack.request.aws     : AWS ec2.DescribeVpcAttribute => 200
2023-02-28T07:17:59.473  INFO --- [   asgi_gw_3] localstack.request.aws     : AWS ec2.DescribeVpcAttribute => 200
2023-02-28T07:17:59.492  INFO --- [   asgi_gw_0] localstack.request.aws     : AWS ec2.DescribeNetworkAcls => 200
2023-02-28T07:17:59.498  INFO --- [   asgi_gw_1] localstack.request.aws     : AWS ec2.DescribeRouteTables => 200
2023-02-28T07:17:59.508  INFO --- [   asgi_gw_2] localstack.request.aws     : AWS ec2.DescribeSecurityGroups => 200
2023-02-28T07:17:59.539  INFO --- [   asgi_gw_1] localstack.request.aws     : AWS ec2.DescribeInternetGateways => 200
2023-02-28T07:17:59.559  INFO --- [   asgi_gw_2] localstack.request.aws     : AWS ec2.DescribeSecurityGroups => 200
2023-02-28T07:17:59.546  INFO --- [   asgi_gw_3] localstack.request.aws     : AWS ec2.DescribeSubnets => 200
2023-02-28T07:17:59.576  INFO --- [   asgi_gw_1] localstack.request.aws     : AWS ec2.DescribeRouteTables => 200
2023-02-28T07:25:08.276  INFO --- [   asgi_gw_2] localstack.request.aws     : AWS sts.GetCallerIdentity => 200
2023-02-28T07:25:08.286  INFO --- [   asgi_gw_0] localstack.request.aws     : AWS sts.GetCallerIdentity => 200
2023-02-28T07:25:08.313  INFO --- [   asgi_gw_3] localstack.request.aws     : AWS ec2.DescribeImages => 200
2023-02-28T07:25:08.317  INFO --- [   asgi_gw_1] localstack.request.aws     : AWS ec2.DescribeVpcs => 200
2023-02-28T07:25:08.326  INFO --- [   asgi_gw_2] localstack.request.aws     : AWS ec2.DescribeVpcClassicLink => 200
2023-02-28T07:25:08.333  INFO --- [   asgi_gw_1] localstack.request.aws     : AWS ec2.DescribeVpcClassicLinkDnsSupport => 200
2023-02-28T07:25:08.338  INFO --- [   asgi_gw_0] localstack.request.aws     : AWS ec2.DescribeVpcAttribute => 200
2023-02-28T07:25:08.344  INFO --- [   asgi_gw_3] localstack.request.aws     : AWS ec2.DescribeVpcAttribute => 200
2023-02-28T07:25:08.349  INFO --- [   asgi_gw_2] localstack.request.aws     : AWS ec2.DescribeVpcAttribute => 200
2023-02-28T07:25:08.358  INFO --- [   asgi_gw_1] localstack.request.aws     : AWS ec2.DescribeNetworkAcls => 200
2023-02-28T07:25:08.364  INFO --- [   asgi_gw_0] localstack.request.aws     : AWS ec2.DescribeRouteTables => 200
2023-02-28T07:25:08.370  INFO --- [   asgi_gw_3] localstack.request.aws     : AWS ec2.DescribeSecurityGroups => 200
2023-02-28T07:25:08.388  INFO --- [   asgi_gw_2] localstack.request.aws     : AWS ec2.DescribeSecurityGroups => 200
2023-02-28T07:25:08.392  INFO --- [   asgi_gw_1] localstack.request.aws     : AWS ec2.DescribeInternetGateways => 200
2023-02-28T07:25:08.395  INFO --- [   asgi_gw_0] localstack.request.aws     : AWS ec2.DescribeSubnets => 200
2023-02-28T07:25:08.426  INFO --- [   asgi_gw_3] localstack.request.aws     : AWS ec2.DescribeRouteTables => 200
2023-02-28T07:26:15.240  INFO --- [   asgi_gw_2] localstack.request.aws     : AWS sts.GetCallerIdentity => 200
2023-02-28T07:26:15.250  INFO --- [   asgi_gw_3] localstack.request.aws     : AWS sts.GetCallerIdentity => 200
2023-02-28T07:26:15.276  INFO --- [   asgi_gw_1] localstack.request.aws     : AWS ec2.DescribeImages => 200
2023-02-28T07:26:15.279  INFO --- [   asgi_gw_0] localstack.request.aws     : AWS ec2.DescribeVpcs => 200
2023-02-28T07:26:15.289  INFO --- [   asgi_gw_2] localstack.request.aws     : AWS ec2.DescribeVpcClassicLink => 200
2023-02-28T07:26:15.294  INFO --- [   asgi_gw_0] localstack.request.aws     : AWS ec2.DescribeVpcClassicLinkDnsSupport => 200
2023-02-28T07:26:15.299  INFO --- [   asgi_gw_3] localstack.request.aws     : AWS ec2.DescribeVpcAttribute => 200
2023-02-28T07:26:15.305  INFO --- [   asgi_gw_1] localstack.request.aws     : AWS ec2.DescribeVpcAttribute => 200
2023-02-28T07:26:15.315  INFO --- [   asgi_gw_2] localstack.request.aws     : AWS ec2.DescribeVpcAttribute => 200
2023-02-28T07:26:15.323  INFO --- [   asgi_gw_0] localstack.request.aws     : AWS ec2.DescribeNetworkAcls => 200
2023-02-28T07:26:15.330  INFO --- [   asgi_gw_3] localstack.request.aws     : AWS ec2.DescribeRouteTables => 200
2023-02-28T07:26:15.336  INFO --- [   asgi_gw_1] localstack.request.aws     : AWS ec2.DescribeSecurityGroups => 200
2023-02-28T07:26:15.355  INFO --- [   asgi_gw_2] localstack.request.aws     : AWS ec2.DescribeInternetGateways => 200
2023-02-28T07:26:15.359  INFO --- [   asgi_gw_0] localstack.request.aws     : AWS ec2.DescribeSubnets => 200
2023-02-28T07:26:15.363  INFO --- [   asgi_gw_3] localstack.request.aws     : AWS ec2.DescribeSecurityGroups => 200
2023-02-28T07:26:15.393  INFO --- [   asgi_gw_1] localstack.request.aws     : AWS ec2.DescribeRouteTables => 200
2023-02-28T07:29:07.849  INFO --- [   asgi_gw_2] localstack.request.aws     : AWS sts.GetCallerIdentity => 200
2023-02-28T07:29:07.860  INFO --- [   asgi_gw_0] localstack.request.aws     : AWS sts.GetCallerIdentity => 200
2023-02-28T07:29:07.938  INFO --- [   asgi_gw_3] localstack.request.aws     : AWS ec2.RunInstances => 200
2023-02-28T07:29:17.978  INFO --- [   asgi_gw_2] localstack.request.aws     : AWS ec2.DescribeInstances => 200
2023-02-28T07:29:17.985  INFO --- [   asgi_gw_0] localstack.request.aws     : AWS ec2.DescribeInstances => 200
2023-02-28T07:29:18.002  INFO --- [   asgi_gw_3] localstack.request.aws     : AWS ec2.DescribeInstanceTypes => 200
2023-02-28T07:29:18.009  INFO --- [   asgi_gw_1] localstack.request.aws     : AWS ec2.DescribeTags => 200
2023-02-28T07:29:18.013  INFO --- [   asgi_gw_2] localstack.request.aws     : AWS ec2.DescribeVpcs => 200
2023-02-28T07:29:18.020  INFO --- [   asgi_gw_0] localstack.request.aws     : AWS ec2.DescribeInstanceAttribute => 200
2023-02-28T07:29:18.031  INFO --- [   asgi_gw_3] localstack.request.aws     : AWS ec2.DescribeVolumes => 200
2023-02-28T07:29:18.036  INFO --- [   asgi_gw_1] localstack.request.aws     : AWS ec2.DescribeInstanceAttribute => 200
2023-02-28T07:29:18.041  INFO --- [   asgi_gw_2] localstack.request.aws     : AWS ec2.DescribeInstanceAttribute => 200
2023-02-28T07:29:18.046  INFO --- [   asgi_gw_0] localstack.request.aws     : AWS ec2.DescribeInstanceAttribute => 200
2023-02-28T08:10:27.959  INFO --- [   asgi_gw_1] localstack.request.aws     : AWS sts.GetCallerIdentity => 200
2023-02-28T08:10:27.964  INFO --- [   asgi_gw_2] localstack.request.aws     : AWS sts.GetCallerIdentity => 200
2023-02-28T08:10:28.001  INFO --- [   asgi_gw_0] localstack.request.aws     : AWS ec2.DescribeVpcs => 200
2023-02-28T08:10:28.013  INFO --- [   asgi_gw_3] localstack.request.aws     : AWS ec2.DescribeImages => 200
2023-02-28T08:10:28.019  INFO --- [   asgi_gw_1] localstack.request.aws     : AWS ec2.DescribeVpcClassicLink => 200
2023-02-28T08:10:28.034  INFO --- [   asgi_gw_2] localstack.request.aws     : AWS ec2.DescribeVpcClassicLinkDnsSupport => 200
2023-02-28T08:10:28.049  INFO --- [   asgi_gw_0] localstack.request.aws     : AWS ec2.DescribeVpcAttribute => 200
2023-02-28T08:10:28.057  INFO --- [   asgi_gw_3] localstack.request.aws     : AWS ec2.DescribeVpcAttribute => 200
2023-02-28T08:10:28.064  INFO --- [   asgi_gw_1] localstack.request.aws     : AWS ec2.DescribeVpcAttribute => 200
2023-02-28T08:10:28.069  INFO --- [   asgi_gw_2] localstack.request.aws     : AWS ec2.DescribeNetworkAcls => 200
2023-02-28T08:10:28.075  INFO --- [   asgi_gw_0] localstack.request.aws     : AWS ec2.DescribeRouteTables => 200
2023-02-28T08:10:28.080  INFO --- [   asgi_gw_3] localstack.request.aws     : AWS ec2.DescribeSecurityGroups => 200
2023-02-28T08:10:28.098  INFO --- [   asgi_gw_1] localstack.request.aws     : AWS ec2.DescribeSecurityGroups => 200
2023-02-28T08:10:28.101  INFO --- [   asgi_gw_2] localstack.request.aws     : AWS ec2.DescribeInternetGateways => 200
2023-02-28T08:10:28.104  INFO --- [   asgi_gw_0] localstack.request.aws     : AWS ec2.DescribeSubnets => 200
2023-02-28T08:10:28.129  INFO --- [   asgi_gw_3] localstack.request.aws     : AWS ec2.DescribeRouteTables => 200
2023-02-28T08:10:28.139  INFO --- [   asgi_gw_2] localstack.request.aws     : AWS ec2.DescribeInstances => 200
2023-02-28T08:10:28.147  INFO --- [   asgi_gw_0] localstack.request.aws     : AWS ec2.DescribeInstanceTypes => 200
2023-02-28T08:10:28.153  INFO --- [   asgi_gw_1] localstack.request.aws     : AWS ec2.DescribeTags => 200
2023-02-28T08:10:28.158  INFO --- [   asgi_gw_3] localstack.request.aws     : AWS ec2.DescribeVpcs => 200
2023-02-28T08:10:28.164  INFO --- [   asgi_gw_2] localstack.request.aws     : AWS ec2.DescribeInstanceAttribute => 200
2023-02-28T08:10:28.169  INFO --- [   asgi_gw_0] localstack.request.aws     : AWS ec2.DescribeVolumes => 200
2023-02-28T08:10:28.174  INFO --- [   asgi_gw_1] localstack.request.aws     : AWS ec2.DescribeInstanceAttribute => 200
2023-02-28T08:10:28.179  INFO --- [   asgi_gw_3] localstack.request.aws     : AWS ec2.DescribeInstanceAttribute => 200
2023-02-28T08:10:28.184  INFO --- [   asgi_gw_2] localstack.request.aws     : AWS ec2.DescribeInstanceAttribute => 200
2023-02-28T08:11:46.689  INFO --- [   asgi_gw_2] localstack.request.aws     : AWS sts.GetCallerIdentity => 200
2023-02-28T08:11:46.695  INFO --- [   asgi_gw_0] localstack.request.aws     : AWS sts.GetCallerIdentity => 200
2023-02-28T08:11:46.720  INFO --- [   asgi_gw_1] localstack.request.aws     : AWS ec2.DescribeVpcs => 200
2023-02-28T08:11:46.724  INFO --- [   asgi_gw_3] localstack.request.aws     : AWS ec2.DescribeImages => 200
2023-02-28T08:11:46.732  INFO --- [   asgi_gw_2] localstack.request.aws     : AWS ec2.DescribeVpcClassicLink => 200
2023-02-28T08:11:46.738  INFO --- [   asgi_gw_1] localstack.request.aws     : AWS ec2.DescribeVpcClassicLinkDnsSupport => 200
2023-02-28T08:11:46.742  INFO --- [   asgi_gw_0] localstack.request.aws     : AWS ec2.DescribeVpcAttribute => 200
2023-02-28T08:11:46.752  INFO --- [   asgi_gw_3] localstack.request.aws     : AWS ec2.DescribeVpcAttribute => 200
2023-02-28T08:11:46.759  INFO --- [   asgi_gw_2] localstack.request.aws     : AWS ec2.DescribeVpcAttribute => 200
2023-02-28T08:11:46.764  INFO --- [   asgi_gw_1] localstack.request.aws     : AWS ec2.DescribeNetworkAcls => 200
2023-02-28T08:11:46.791  INFO --- [   asgi_gw_0] localstack.request.aws     : AWS ec2.DescribeRouteTables => 200
2023-02-28T08:11:46.797  INFO --- [   asgi_gw_3] localstack.request.aws     : AWS ec2.DescribeSecurityGroups => 200
2023-02-28T08:11:46.814  INFO --- [   asgi_gw_2] localstack.request.aws     : AWS ec2.DescribeSubnets => 200
2023-02-28T08:11:46.819  INFO --- [   asgi_gw_1] localstack.request.aws     : AWS ec2.DescribeSecurityGroups => 200
2023-02-28T08:11:46.821  INFO --- [   asgi_gw_0] localstack.request.aws     : AWS ec2.DescribeInternetGateways => 200
2023-02-28T08:11:46.843  INFO --- [   asgi_gw_3] localstack.request.aws     : AWS ec2.DescribeRouteTables => 200
2023-02-28T08:11:46.856  INFO --- [   asgi_gw_1] localstack.request.aws     : AWS ec2.DescribeInstances => 200
2023-02-28T08:11:46.866  INFO --- [   asgi_gw_0] localstack.request.aws     : AWS ec2.DescribeInstanceTypes => 200
2023-02-28T08:11:46.872  INFO --- [   asgi_gw_2] localstack.request.aws     : AWS ec2.DescribeTags => 200
2023-02-28T08:11:46.885  INFO --- [   asgi_gw_3] localstack.request.aws     : AWS ec2.DescribeVpcs => 200
2023-02-28T08:11:46.894  INFO --- [   asgi_gw_1] localstack.request.aws     : AWS ec2.DescribeInstanceAttribute => 200
2023-02-28T08:11:46.902  INFO --- [   asgi_gw_0] localstack.request.aws     : AWS ec2.DescribeVolumes => 200
2023-02-28T08:11:46.909  INFO --- [   asgi_gw_2] localstack.request.aws     : AWS ec2.DescribeInstanceAttribute => 200
2023-02-28T08:11:46.914  INFO --- [   asgi_gw_3] localstack.request.aws     : AWS ec2.DescribeInstanceAttribute => 200
2023-02-28T08:11:46.920  INFO --- [   asgi_gw_1] localstack.request.aws     : AWS ec2.DescribeInstanceAttribute => 200
2023-02-28T08:14:29.839  INFO --- [   asgi_gw_1] localstack.request.aws     : AWS sts.GetCallerIdentity => 200
2023-02-28T08:14:29.849  INFO --- [   asgi_gw_0] localstack.request.aws     : AWS sts.GetCallerIdentity => 200
2023-02-28T08:14:29.908  INFO --- [   asgi_gw_2] localstack.request.aws     : AWS ec2.DescribeImages => 200
2023-02-28T08:14:29.917  INFO --- [   asgi_gw_3] localstack.request.aws     : AWS ec2.DescribeVpcs => 200
2023-02-28T08:14:29.924  INFO --- [   asgi_gw_1] localstack.request.aws     : AWS ec2.DescribeVpcClassicLink => 200
2023-02-28T08:14:29.931  INFO --- [   asgi_gw_0] localstack.request.aws     : AWS ec2.DescribeVpcClassicLinkDnsSupport => 200
2023-02-28T08:14:29.939  INFO --- [   asgi_gw_2] localstack.request.aws     : AWS ec2.DescribeVpcAttribute => 200
2023-02-28T08:14:29.944  INFO --- [   asgi_gw_3] localstack.request.aws     : AWS ec2.DescribeVpcAttribute => 200
2023-02-28T08:14:29.982  INFO --- [   asgi_gw_1] localstack.request.aws     : AWS ec2.DescribeVpcAttribute => 200
2023-02-28T08:14:29.992  INFO --- [   asgi_gw_0] localstack.request.aws     : AWS ec2.DescribeNetworkAcls => 200
2023-02-28T08:14:30.031  INFO --- [   asgi_gw_2] localstack.request.aws     : AWS ec2.DescribeRouteTables => 200
2023-02-28T08:14:30.040  INFO --- [   asgi_gw_3] localstack.request.aws     : AWS ec2.DescribeSecurityGroups => 200
2023-02-28T08:14:30.070  INFO --- [   asgi_gw_2] localstack.request.aws     : AWS ec2.DescribeInternetGateways => 200
2023-02-28T08:14:30.072  INFO --- [   asgi_gw_1] localstack.request.aws     : AWS ec2.DescribeSecurityGroups => 200
2023-02-28T08:14:30.084  INFO --- [   asgi_gw_3] localstack.request.aws     : AWS ec2.DescribeSubnets => 200
2023-02-28T08:14:30.111  INFO --- [   asgi_gw_1] localstack.request.aws     : AWS ec2.DescribeRouteTables => 200
2023-02-28T08:14:30.126  INFO --- [   asgi_gw_0] localstack.request.aws     : AWS ec2.DescribeInstances => 200
2023-02-28T08:14:30.131  INFO --- [   asgi_gw_2] localstack.request.aws     : AWS ec2.DescribeInstanceTypes => 200
2023-02-28T08:14:30.139  INFO --- [   asgi_gw_3] localstack.request.aws     : AWS ec2.DescribeTags => 200
2023-02-28T08:14:30.145  INFO --- [   asgi_gw_1] localstack.request.aws     : AWS ec2.DescribeVpcs => 200
2023-02-28T08:14:30.156  INFO --- [   asgi_gw_0] localstack.request.aws     : AWS ec2.DescribeInstanceAttribute => 200
2023-02-28T08:14:30.161  INFO --- [   asgi_gw_2] localstack.request.aws     : AWS ec2.DescribeVolumes => 200
2023-02-28T08:14:30.168  INFO --- [   asgi_gw_3] localstack.request.aws     : AWS ec2.DescribeInstanceAttribute => 200
2023-02-28T08:14:30.176  INFO --- [   asgi_gw_1] localstack.request.aws     : AWS ec2.DescribeInstanceAttribute => 200
2023-02-28T08:14:30.183  INFO --- [   asgi_gw_0] localstack.request.aws     : AWS ec2.DescribeInstanceAttribute => 200
2023-02-28T08:16:32.842  INFO --- [   asgi_gw_2] localstack.request.aws     : AWS sts.GetCallerIdentity => 200
2023-02-28T08:16:32.847  INFO --- [   asgi_gw_3] localstack.request.aws     : AWS sts.GetCallerIdentity => 200
2023-02-28T08:16:32.873  INFO --- [   asgi_gw_1] localstack.request.aws     : AWS ec2.DescribeVpcs => 200
2023-02-28T08:16:32.877  INFO --- [   asgi_gw_0] localstack.request.aws     : AWS ec2.DescribeImages => 200
2023-02-28T08:16:32.890  INFO --- [   asgi_gw_2] localstack.request.aws     : AWS ec2.DescribeVpcClassicLink => 200
2023-02-28T08:16:32.899  INFO --- [   asgi_gw_0] localstack.request.aws     : AWS ec2.DescribeVpcClassicLinkDnsSupport => 200
2023-02-28T08:16:32.908  INFO --- [   asgi_gw_3] localstack.request.aws     : AWS ec2.DescribeVpcAttribute => 200
2023-02-28T08:16:32.918  INFO --- [   asgi_gw_1] localstack.request.aws     : AWS ec2.DescribeVpcAttribute => 200
2023-02-28T08:16:32.935  INFO --- [   asgi_gw_2] localstack.request.aws     : AWS ec2.DescribeVpcAttribute => 200
2023-02-28T08:16:32.950  INFO --- [   asgi_gw_0] localstack.request.aws     : AWS ec2.DescribeNetworkAcls => 200
2023-02-28T08:16:32.966  INFO --- [   asgi_gw_3] localstack.request.aws     : AWS ec2.DescribeRouteTables => 200
2023-02-28T08:16:32.973  INFO --- [   asgi_gw_1] localstack.request.aws     : AWS ec2.DescribeSecurityGroups => 200
2023-02-28T08:16:32.992  INFO --- [   asgi_gw_2] localstack.request.aws     : AWS ec2.DescribeSubnets => 200
2023-02-28T08:16:32.995  INFO --- [   asgi_gw_0] localstack.request.aws     : AWS ec2.DescribeInternetGateways => 200
2023-02-28T08:16:33.009  INFO --- [   asgi_gw_3] localstack.request.aws     : AWS ec2.DescribeSecurityGroups => 200
2023-02-28T08:16:33.019  INFO --- [   asgi_gw_0] localstack.request.aws     : AWS ec2.DescribeRouteTables => 200
2023-02-28T08:16:33.035  INFO --- [   asgi_gw_1] localstack.request.aws     : AWS ec2.DescribeInstances => 200
2023-02-28T08:16:33.046  INFO --- [   asgi_gw_2] localstack.request.aws     : AWS ec2.DescribeInstanceTypes => 200
2023-02-28T08:16:33.052  INFO --- [   asgi_gw_3] localstack.request.aws     : AWS ec2.DescribeTags => 200
2023-02-28T08:16:33.063  INFO --- [   asgi_gw_0] localstack.request.aws     : AWS ec2.DescribeVpcs => 200
2023-02-28T08:16:33.075  INFO --- [   asgi_gw_1] localstack.request.aws     : AWS ec2.DescribeInstanceAttribute => 200
2023-02-28T08:16:33.090  INFO --- [   asgi_gw_2] localstack.request.aws     : AWS ec2.DescribeVolumes => 200
2023-02-28T08:16:33.100  INFO --- [   asgi_gw_3] localstack.request.aws     : AWS ec2.DescribeInstanceAttribute => 200
2023-02-28T08:16:33.108  INFO --- [   asgi_gw_0] localstack.request.aws     : AWS ec2.DescribeInstanceAttribute => 200
2023-02-28T08:16:33.120  INFO --- [   asgi_gw_1] localstack.request.aws     : AWS ec2.DescribeInstanceAttribute => 200
2023-02-28T08:18:10.338  INFO --- [   asgi_gw_3] localstack.request.aws     : AWS sts.GetCallerIdentity => 200
2023-02-28T08:18:10.344  INFO --- [   asgi_gw_0] localstack.request.aws     : AWS sts.GetCallerIdentity => 200
2023-02-28T08:18:10.371  INFO --- [   asgi_gw_1] localstack.request.aws     : AWS ec2.DescribeImages => 200
2023-02-28T08:18:10.375  INFO --- [   asgi_gw_2] localstack.request.aws     : AWS ec2.DescribeVpcs => 200
2023-02-28T08:18:10.384  INFO --- [   asgi_gw_3] localstack.request.aws     : AWS ec2.DescribeVpcClassicLink => 200
2023-02-28T08:18:10.390  INFO --- [   asgi_gw_2] localstack.request.aws     : AWS ec2.DescribeVpcClassicLinkDnsSupport => 200
2023-02-28T08:18:10.395  INFO --- [   asgi_gw_0] localstack.request.aws     : AWS ec2.DescribeVpcAttribute => 200
2023-02-28T08:18:10.400  INFO --- [   asgi_gw_1] localstack.request.aws     : AWS ec2.DescribeVpcAttribute => 200
2023-02-28T08:18:10.406  INFO --- [   asgi_gw_3] localstack.request.aws     : AWS ec2.DescribeVpcAttribute => 200
2023-02-28T08:18:10.411  INFO --- [   asgi_gw_2] localstack.request.aws     : AWS ec2.DescribeNetworkAcls => 200
2023-02-28T08:18:10.419  INFO --- [   asgi_gw_0] localstack.request.aws     : AWS ec2.DescribeRouteTables => 200
2023-02-28T08:18:10.425  INFO --- [   asgi_gw_1] localstack.request.aws     : AWS ec2.DescribeSecurityGroups => 200
2023-02-28T08:18:10.443  INFO --- [   asgi_gw_3] localstack.request.aws     : AWS ec2.DescribeInternetGateways => 200
2023-02-28T08:18:10.447  INFO --- [   asgi_gw_2] localstack.request.aws     : AWS ec2.DescribeSecurityGroups => 200
2023-02-28T08:18:10.455  INFO --- [   asgi_gw_0] localstack.request.aws     : AWS ec2.DescribeSubnets => 200
2023-02-28T08:18:10.487  INFO --- [   asgi_gw_1] localstack.request.aws     : AWS ec2.DescribeRouteTables => 200
2023-02-28T08:18:10.501  INFO --- [   asgi_gw_2] localstack.request.aws     : AWS ec2.DescribeInstances => 200
2023-02-28T08:18:10.508  INFO --- [   asgi_gw_3] localstack.request.aws     : AWS ec2.DescribeInstanceTypes => 200
2023-02-28T08:18:10.513  INFO --- [   asgi_gw_0] localstack.request.aws     : AWS ec2.DescribeTags => 200
2023-02-28T08:18:10.519  INFO --- [   asgi_gw_1] localstack.request.aws     : AWS ec2.DescribeVpcs => 200
2023-02-28T08:18:10.524  INFO --- [   asgi_gw_2] localstack.request.aws     : AWS ec2.DescribeInstanceAttribute => 200
2023-02-28T08:18:10.529  INFO --- [   asgi_gw_3] localstack.request.aws     : AWS ec2.DescribeVolumes => 200
2023-02-28T08:18:10.535  INFO --- [   asgi_gw_0] localstack.request.aws     : AWS ec2.DescribeInstanceAttribute => 200
2023-02-28T08:18:10.540  INFO --- [   asgi_gw_1] localstack.request.aws     : AWS ec2.DescribeInstanceAttribute => 200
2023-02-28T08:18:10.545  INFO --- [   asgi_gw_2] localstack.request.aws     : AWS ec2.DescribeInstanceAttribute => 200
2023-02-28T09:57:07.170  INFO --- [   asgi_gw_0] localstack.request.aws     : AWS sts.GetCallerIdentity => 200
2023-02-28T09:57:07.175  INFO --- [   asgi_gw_1] localstack.request.aws     : AWS sts.GetCallerIdentity => 200
2023-02-28T09:57:07.202  INFO --- [   asgi_gw_2] localstack.request.aws     : AWS ec2.DescribeImages => 200
2023-02-28T09:57:07.206  INFO --- [   asgi_gw_3] localstack.request.aws     : AWS ec2.DescribeVpcs => 200
2023-02-28T09:57:07.216  INFO --- [   asgi_gw_0] localstack.request.aws     : AWS ec2.DescribeVpcClassicLink => 200
2023-02-28T09:57:07.221  INFO --- [   asgi_gw_3] localstack.request.aws     : AWS ec2.DescribeVpcClassicLinkDnsSupport => 200
2023-02-28T09:57:07.227  INFO --- [   asgi_gw_1] localstack.request.aws     : AWS ec2.DescribeVpcAttribute => 200
2023-02-28T09:57:07.232  INFO --- [   asgi_gw_2] localstack.request.aws     : AWS ec2.DescribeVpcAttribute => 200
2023-02-28T09:57:07.237  INFO --- [   asgi_gw_0] localstack.request.aws     : AWS ec2.DescribeVpcAttribute => 200
2023-02-28T09:57:07.243  INFO --- [   asgi_gw_3] localstack.request.aws     : AWS ec2.DescribeNetworkAcls => 200
2023-02-28T09:57:07.251  INFO --- [   asgi_gw_1] localstack.request.aws     : AWS ec2.DescribeRouteTables => 200
2023-02-28T09:57:07.257  INFO --- [   asgi_gw_2] localstack.request.aws     : AWS ec2.DescribeSecurityGroups => 200
2023-02-28T09:57:07.278  INFO --- [   asgi_gw_0] localstack.request.aws     : AWS ec2.DescribeSecurityGroups => 200
2023-02-28T09:57:07.282  INFO --- [   asgi_gw_3] localstack.request.aws     : AWS ec2.DescribeInternetGateways => 200
2023-02-28T09:57:07.286  INFO --- [   asgi_gw_1] localstack.request.aws     : AWS ec2.DescribeSubnets => 200
2023-02-28T09:57:07.299  INFO --- [   asgi_gw_2] localstack.request.aws     : AWS ec2.DescribeRouteTables => 200
2023-02-28T09:57:07.323  INFO --- [   asgi_gw_0] localstack.request.aws     : AWS ec2.DescribeInstances => 200
2023-02-28T09:57:07.331  INFO --- [   asgi_gw_3] localstack.request.aws     : AWS ec2.DescribeInstanceTypes => 200
2023-02-28T09:57:07.336  INFO --- [   asgi_gw_1] localstack.request.aws     : AWS ec2.DescribeTags => 200
2023-02-28T09:57:07.342  INFO --- [   asgi_gw_2] localstack.request.aws     : AWS ec2.DescribeVpcs => 200
2023-02-28T09:57:07.347  INFO --- [   asgi_gw_0] localstack.request.aws     : AWS ec2.DescribeInstanceAttribute => 200
2023-02-28T09:57:07.352  INFO --- [   asgi_gw_3] localstack.request.aws     : AWS ec2.DescribeVolumes => 200
2023-02-28T09:57:07.357  INFO --- [   asgi_gw_1] localstack.request.aws     : AWS ec2.DescribeInstanceAttribute => 200
2023-02-28T09:57:07.363  INFO --- [   asgi_gw_2] localstack.request.aws     : AWS ec2.DescribeInstanceAttribute => 200
2023-02-28T09:57:07.369  INFO --- [   asgi_gw_0] localstack.request.aws     : AWS ec2.DescribeInstanceAttribute => 200
2023-02-28T09:57:30.087  INFO --- [   asgi_gw_2] localstack.request.aws     : AWS sts.GetCallerIdentity => 200
2023-02-28T09:57:30.098  INFO --- [   asgi_gw_0] localstack.request.aws     : AWS sts.GetCallerIdentity => 200
2023-02-28T09:57:30.120  INFO --- [   asgi_gw_3] localstack.request.aws     : AWS ec2.ModifyInstanceAttribute => 200
2023-02-28T09:57:30.674  INFO --- [   asgi_gw_1] localstack.request.aws     : AWS ec2.TerminateInstances => 200
2023-02-28T09:57:40.689  INFO --- [   asgi_gw_0] localstack.request.aws     : AWS ec2.DescribeInstances => 200
2023-02-28T09:57:40.852  INFO --- [   asgi_gw_3] localstack.request.aws     : AWS ec2.ImportKeyPair => 200
2023-02-28T09:57:40.859  INFO --- [   asgi_gw_1] localstack.request.aws     : AWS ec2.DescribeKeyPairs => 200
2023-02-28T09:57:40.895  INFO --- [   asgi_gw_2] localstack.request.aws     : AWS ec2.RunInstances => 200
2023-02-28T09:57:50.910  INFO --- [   asgi_gw_3] localstack.request.aws     : AWS ec2.DescribeInstances => 200
2023-02-28T09:57:50.917  INFO --- [   asgi_gw_1] localstack.request.aws     : AWS ec2.DescribeInstances => 200
2023-02-28T09:57:50.923  INFO --- [   asgi_gw_2] localstack.request.aws     : AWS ec2.DescribeInstanceTypes => 200
2023-02-28T09:57:50.930  INFO --- [   asgi_gw_0] localstack.request.aws     : AWS ec2.DescribeTags => 200
2023-02-28T09:57:50.936  INFO --- [   asgi_gw_3] localstack.request.aws     : AWS ec2.DescribeVpcs => 200
2023-02-28T09:57:50.944  INFO --- [   asgi_gw_1] localstack.request.aws     : AWS ec2.DescribeInstanceAttribute => 200
2023-02-28T09:57:50.963  INFO --- [   asgi_gw_2] localstack.request.aws     : AWS ec2.DescribeVolumes => 200
2023-02-28T09:57:50.974  INFO --- [   asgi_gw_0] localstack.request.aws     : AWS ec2.DescribeInstanceAttribute => 200
2023-02-28T09:57:50.981  INFO --- [   asgi_gw_3] localstack.request.aws     : AWS ec2.DescribeInstanceAttribute => 200
2023-02-28T09:57:50.989  INFO --- [   asgi_gw_1] localstack.request.aws     : AWS ec2.DescribeInstanceAttribute => 200
2023-02-28T09:59:53.788  INFO --- [   asgi_gw_2] localstack.request.aws     : AWS sts.GetCallerIdentity => 200
2023-02-28T09:59:53.797  INFO --- [   asgi_gw_0] localstack.request.aws     : AWS sts.GetCallerIdentity => 200
2023-02-28T09:59:53.849  INFO --- [   asgi_gw_3] localstack.request.aws     : AWS ec2.DescribeVpcs => 200
2023-02-28T09:59:53.856  INFO --- [   asgi_gw_1] localstack.request.aws     : AWS ec2.DescribeKeyPairs => 200
2023-02-28T09:59:53.868  INFO --- [   asgi_gw_2] localstack.request.aws     : AWS ec2.DescribeImages => 200
2023-02-28T09:59:53.874  INFO --- [   asgi_gw_3] localstack.request.aws     : AWS ec2.DescribeVpcClassicLink => 200
2023-02-28T09:59:53.885  INFO --- [   asgi_gw_1] localstack.request.aws     : AWS ec2.DescribeVpcClassicLinkDnsSupport => 200
2023-02-28T09:59:53.891  INFO --- [   asgi_gw_0] localstack.request.aws     : AWS ec2.DescribeVpcAttribute => 200
2023-02-28T09:59:53.897  INFO --- [   asgi_gw_2] localstack.request.aws     : AWS ec2.DescribeVpcAttribute => 200
2023-02-28T09:59:53.903  INFO --- [   asgi_gw_3] localstack.request.aws     : AWS ec2.DescribeVpcAttribute => 200
2023-02-28T09:59:53.909  INFO --- [   asgi_gw_1] localstack.request.aws     : AWS ec2.DescribeNetworkAcls => 200
2023-02-28T09:59:53.916  INFO --- [   asgi_gw_0] localstack.request.aws     : AWS ec2.DescribeRouteTables => 200
2023-02-28T09:59:53.922  INFO --- [   asgi_gw_2] localstack.request.aws     : AWS ec2.DescribeSecurityGroups => 200
2023-02-28T09:59:53.939  INFO --- [   asgi_gw_3] localstack.request.aws     : AWS ec2.DescribeInternetGateways => 200
2023-02-28T09:59:53.944  INFO --- [   asgi_gw_1] localstack.request.aws     : AWS ec2.DescribeSubnets => 200
2023-02-28T09:59:53.953  INFO --- [   asgi_gw_0] localstack.request.aws     : AWS ec2.DescribeSecurityGroups => 200
2023-02-28T09:59:53.968  INFO --- [   asgi_gw_2] localstack.request.aws     : AWS ec2.DescribeRouteTables => 200
2023-02-28T09:59:53.986  INFO --- [   asgi_gw_1] localstack.request.aws     : AWS ec2.DescribeInstances => 200
2023-02-28T09:59:53.994  INFO --- [   asgi_gw_3] localstack.request.aws     : AWS ec2.DescribeInstanceTypes => 200
2023-02-28T09:59:54.000  INFO --- [   asgi_gw_0] localstack.request.aws     : AWS ec2.DescribeTags => 200
2023-02-28T09:59:54.005  INFO --- [   asgi_gw_2] localstack.request.aws     : AWS ec2.DescribeVpcs => 200
2023-02-28T09:59:54.012  INFO --- [   asgi_gw_1] localstack.request.aws     : AWS ec2.DescribeInstanceAttribute => 200
2023-02-28T09:59:54.018  INFO --- [   asgi_gw_3] localstack.request.aws     : AWS ec2.DescribeVolumes => 200
2023-02-28T09:59:54.025  INFO --- [   asgi_gw_0] localstack.request.aws     : AWS ec2.DescribeInstanceAttribute => 200
2023-02-28T09:59:54.030  INFO --- [   asgi_gw_2] localstack.request.aws     : AWS ec2.DescribeInstanceAttribute => 200
2023-02-28T09:59:54.035  INFO --- [   asgi_gw_1] localstack.request.aws     : AWS ec2.DescribeInstanceAttribute => 200
2023-02-28T10:00:21.457  INFO --- [   asgi_gw_2] localstack.request.aws     : AWS sts.GetCallerIdentity => 200
2023-02-28T10:00:21.463  INFO --- [   asgi_gw_1] localstack.request.aws     : AWS sts.GetCallerIdentity => 200
2023-02-28T10:00:21.495  INFO --- [   asgi_gw_3] localstack.request.aws     : AWS ec2.DescribeInstances => 200
2023-02-28T10:00:21.500  INFO --- [   asgi_gw_0] localstack.request.aws     : AWS ec2.ModifyNetworkInterfaceAttribute => 200
2023-02-28T10:00:21.507  INFO --- [   asgi_gw_2] localstack.request.aws     : AWS ec2.StopInstances => 200
2023-02-28T10:00:31.522  INFO --- [   asgi_gw_3] localstack.request.aws     : AWS ec2.DescribeInstances => 200
2023-02-28T10:00:31.528  INFO --- [   asgi_gw_0] localstack.request.aws     : AWS ec2.ModifyInstanceAttribute => 200
2023-02-28T10:00:31.535  INFO --- [   asgi_gw_2] localstack.request.aws     : AWS ec2.StartInstances => 200
2023-02-28T10:00:41.549  INFO --- [   asgi_gw_3] localstack.request.aws     : AWS ec2.DescribeInstances => 200
2023-02-28T10:00:41.556  INFO --- [   asgi_gw_0] localstack.request.aws     : AWS ec2.DescribeInstances => 200
2023-02-28T10:00:41.562  INFO --- [   asgi_gw_2] localstack.request.aws     : AWS ec2.DescribeInstanceTypes => 200
2023-02-28T10:00:41.567  INFO --- [   asgi_gw_1] localstack.request.aws     : AWS ec2.DescribeTags => 200
2023-02-28T10:00:41.572  INFO --- [   asgi_gw_3] localstack.request.aws     : AWS ec2.DescribeVpcs => 200
2023-02-28T10:00:41.577  INFO --- [   asgi_gw_0] localstack.request.aws     : AWS ec2.DescribeInstanceAttribute => 200
2023-02-28T10:00:41.582  INFO --- [   asgi_gw_2] localstack.request.aws     : AWS ec2.DescribeVolumes => 200
2023-02-28T10:00:41.587  INFO --- [   asgi_gw_1] localstack.request.aws     : AWS ec2.DescribeInstanceAttribute => 200
2023-02-28T10:00:41.592  INFO --- [   asgi_gw_3] localstack.request.aws     : AWS ec2.DescribeInstanceAttribute => 200
2023-02-28T10:00:41.597  INFO --- [   asgi_gw_0] localstack.request.aws     : AWS ec2.DescribeInstanceAttribute => 200
